Log file open, 05/31/20 20:25:22
LogWindows: Failed to load 'aqProf.dll' (GetLastError=126)
LogWindows: File 'aqProf.dll' does not exist
LogWindows: Failed to load 'VtuneApi.dll' (GetLastError=126)
LogWindows: File 'VtuneApi.dll' does not exist
LogWindows: Failed to load 'VtuneApi32e.dll' (GetLastError=126)
LogWindows: File 'VtuneApi32e.dll' does not exist
LogConsoleResponse: Display: Failed to find resolution value strings in scalability ini. Falling back to default.
LogInit: Display: Running engine for game: BookPractice
LogPlatformFile: Not using cached read wrapper
LogTaskGraph: Started task graph with 5 named threads and 11 total threads with 3 sets of task threads.
LogStats: Stats thread started at 0.092759
LogD3D11RHI: Loaded GFSDK_Aftermath_Lib.x64.dll
LogICUInternationalization: ICU TimeZone Detection - Raw Offset: +9:00, Platform Override: ''
LogPluginManager: Mounting plugin Paper2D
LogPluginManager: Mounting plugin AISupport
LogPluginManager: Mounting plugin LightPropagationVolume
LogPluginManager: Mounting plugin ActorLayerUtilities
LogPluginManager: Mounting plugin AnimationSharing
LogPluginManager: Mounting plugin CLionSourceCodeAccess
LogPluginManager: Mounting plugin CodeLiteSourceCodeAccess
LogPluginManager: Mounting plugin GitSourceControl
LogPluginManager: Mounting plugin KDevelopSourceCodeAccess
LogPluginManager: Mounting plugin NullSourceCodeAccess
LogPluginManager: Mounting plugin PerforceSourceControl
LogPluginManager: Mounting plugin SubversionSourceControl
LogPluginManager: Mounting plugin UObjectPlugin
LogPluginManager: Mounting plugin VisualStudioCodeSourceCodeAccess
LogPluginManager: Mounting plugin VisualStudioSourceCodeAccess
LogPluginManager: Mounting plugin XCodeSourceCodeAccess
LogPluginManager: Mounting plugin AssetManagerEditor
LogPluginManager: Mounting plugin CryptoKeys
LogPluginManager: Mounting plugin CurveEditorTools
LogPluginManager: Mounting plugin DataValidation
LogPluginManager: Mounting plugin FacialAnimation
LogPluginManager: Mounting plugin GameplayTagsEditor
LogPluginManager: Mounting plugin MacGraphicsSwitching
LogPluginManager: Mounting plugin MaterialAnalyzer
LogPluginManager: Mounting plugin MobileLauncherProfileWizard
LogPluginManager: Mounting plugin PluginBrowser
LogPluginManager: Mounting plugin SpeedTreeImporter
LogPluginManager: Mounting plugin DatasmithContent
LogPluginManager: Mounting plugin VariantManagerContent
LogPluginManager: Mounting plugin AlembicImporter
LogPluginManager: Mounting plugin AutomationUtils
LogPluginManager: Mounting plugin BackChannel
LogPluginManager: Mounting plugin CharacterAI
LogPluginManager: Mounting plugin GeometryCache
LogPluginManager: Mounting plugin HTML5Networking
LogPluginManager: Mounting plugin PlatformCrypto
LogPluginManager: Mounting plugin ProxyLODPlugin
LogPluginManager: Mounting plugin SkeletalReduction
LogPluginManager: Mounting plugin MagicLeap
LogPluginManager: Mounting plugin MagicLeapMedia
LogPluginManager: Mounting plugin AndroidMedia
LogPluginManager: Mounting plugin AvfMedia
LogPluginManager: Mounting plugin ImgMedia
LogPluginManager: Mounting plugin MediaCompositing
LogPluginManager: Mounting plugin MediaPlayerEditor
LogPluginManager: Mounting plugin WebMMedia
LogPluginManager: Mounting plugin WmfMedia
LogPluginManager: Mounting plugin TcpMessaging
LogPluginManager: Mounting plugin UdpMessaging
LogPluginManager: Mounting plugin ActorSequence
LogPluginManager: Mounting plugin LevelSequenceEditor
LogPluginManager: Mounting plugin MatineeToLevelSequence
LogPluginManager: Mounting plugin NetcodeUnitTest
LogPluginManager: Mounting plugin NUTUnrealEngine4
LogPluginManager: Mounting plugin OnlineSubsystemGooglePlay
LogPluginManager: Mounting plugin OnlineSubsystemIOS
LogPluginManager: Mounting plugin OnlineSubsystem
LogPluginManager: Mounting plugin OnlineSubsystemNull
LogPluginManager: Mounting plugin OnlineSubsystemUtils
LogPluginManager: Mounting plugin LauncherChunkInstaller
LogPluginManager: Mounting plugin AndroidDeviceProfileSelector
LogPluginManager: Mounting plugin AndroidMoviePlayer
LogPluginManager: Mounting plugin AndroidPermission
LogPluginManager: Mounting plugin AppleImageUtils
LogPluginManager: Mounting plugin AppleMoviePlayer
LogPluginManager: Mounting plugin ArchVisCharacter
LogPluginManager: Mounting plugin AudioCapture
LogPluginManager: Mounting plugin CableComponent
LogPluginManager: Mounting plugin CustomMeshComponent
LogPluginManager: Mounting plugin EditableMesh
LogPluginManager: Mounting plugin ExampleDeviceProfileSelector
LogPluginManager: Mounting plugin GoogleCloudMessaging
LogPluginManager: Mounting plugin IOSDeviceProfileSelector
LogPluginManager: Mounting plugin LinuxDeviceProfileSelector
LogPluginManager: Mounting plugin LocationServicesBPLibrary
LogPluginManager: Mounting plugin MobilePatchingUtils
LogPluginManager: Mounting plugin OculusVR
LogPluginManager: Mounting plugin PhysXVehicles
LogPluginManager: Mounting plugin ProceduralMeshComponent
LogPluginManager: Mounting plugin RuntimePhysXCooking
LogPluginManager: Mounting plugin SignificanceManager
LogPluginManager: Mounting plugin SteamVR
LogPluginManager: Mounting plugin WebMMoviePlayer
LogPluginManager: Mounting plugin WindowsMoviePlayer
LogPluginManager: Mounting plugin ScreenshotTools
LogInit: Using libcurl 7.55.1-DEV
LogInit:  - built for x86_64-pc-win32
LogInit:  - supports SSL with OpenSSL/1.1.1
LogInit:  - supports HTTP deflate (compression) using libz 1.2.8
LogInit:  - other features:
LogInit:      CURL_VERSION_SSL
LogInit:      CURL_VERSION_LIBZ
LogInit:      CURL_VERSION_IPV6
LogInit:      CURL_VERSION_ASYNCHDNS
LogInit:      CURL_VERSION_LARGEFILE
LogInit:      CURL_VERSION_IDN
LogInit:  CurlRequestOptions (configurable via config and command line):
LogInit:  - bVerifyPeer = true  - Libcurl will verify peer certificate
LogInit:  - bUseHttpProxy = false  - Libcurl will NOT use HTTP proxy
LogInit:  - bDontReuseConnections = false  - Libcurl will reuse connections
LogInit:  - MaxHostConnections = 16  - Libcurl will limit the number of connections to a host
LogInit:  - LocalHostAddr = Default
LogInit:  - BufferSize = 65536
LogOnline: OSS: Creating online subsystem instance for: NULL
LogInit: WinSock: version 1.1 (2.2), MaxSocks=32767, MaxUdp=65467
LogInit: Build: ++UE4+Release-4.23-CL-8386587
LogInit: Engine Version: 4.23.0-8386587+++UE4+Release-4.23
LogInit: Compatible Engine Version: 4.23.0-8386587+++UE4+Release-4.23
LogInit: Net CL: 8386587
LogInit: OS: Windows 10 (Release 1909) (), CPU: Intel(R) Core(TM) i7-6650U CPU @ 2.20GHz, GPU: Intel(R) Iris(R) Graphics 540
LogInit: Compiled (64-bit): Aug 31 2019 02:04:44
LogInit: Compiled with Visual C++: 19.16.27030.01
LogInit: Build Configuration: Development
LogInit: Branch Name: ++UE4+Release-4.23
LogInit: Command Line: 
LogInit: Base Directory: C:/Program Files/Epic Games/UE_4.23/Engine/Binaries/Win64/
LogInit: Installed Engine Build: 1
LogDevObjectVersion: Number of dev versions registered: 23
LogDevObjectVersion:   Dev-Blueprints (B0D832E4-1F89-4F0D-ACCF-7EB736FD4AA2): 10
LogDevObjectVersion:   Dev-Build (E1C64328-A22C-4D53-A36C-8E866417BD8C): 0
LogDevObjectVersion:   Dev-Core (375EC13C-06E4-48FB-B500-84F0262A717E): 3
LogDevObjectVersion:   Dev-Editor (E4B068ED-F494-42E9-A231-DA0B2E46BB41): 34
LogDevObjectVersion:   Dev-Framework (CFFC743F-43B0-4480-9391-14DF171D2073): 35
LogDevObjectVersion:   Dev-Mobile (B02B49B5-BB20-44E9-A304-32B752E40360): 2
LogDevObjectVersion:   Dev-Networking (A4E4105C-59A1-49B5-A7C5-40C4547EDFEE): 0
LogDevObjectVersion:   Dev-Online (39C831C9-5AE6-47DC-9A44-9C173E1C8E7C): 0
LogDevObjectVersion:   Dev-Physics (78F01B33-EBEA-4F98-B9B4-84EACCB95AA2): 0
LogDevObjectVersion:   Dev-Platform (6631380F-2D4D-43E0-8009-CF276956A95A): 0
LogDevObjectVersion:   Dev-Rendering (12F88B9F-8875-4AFC-A67C-D90C383ABD29): 31
LogDevObjectVersion:   Dev-Sequencer (7B5AE74C-D270-4C10-A958-57980B212A5A): 11
LogDevObjectVersion:   Dev-VR (D7296918-1DD6-4BDD-9DE2-64A83CC13884): 2
LogDevObjectVersion:   Dev-LoadTimes (C2A15278-BFE7-4AFE-6C17-90FF531DF755): 1
LogDevObjectVersion:   Private-Geometry (6EACA3D4-40EC-4CC1-B786-8BED09428FC5): 3
LogDevObjectVersion:   Dev-AnimPhys (29E575DD-E0A3-4627-9D10-D276232CDCEA): 17
LogDevObjectVersion:   Dev-Anim (AF43A65D-7FD3-4947-9873-3E8ED9C1BB05): 2
LogDevObjectVersion:   Dev-ReflectionCapture (6B266CEC-1EC7-4B8F-A30B-E4D90942FC07): 1
LogDevObjectVersion:   Dev-Automation (0DF73D61-A23F-47EA-B727-89E90C41499A): 1
LogDevObjectVersion:   FortniteMain (601D1886-AC64-4F84-AA16-D3DE0DEAC7D6): 27
LogDevObjectVersion:   Dev-Enterprise (9DFFBCD6-494F-0158-E221-12823C92A888): 6
LogDevObjectVersion:   Dev-Niagara (F2AED0AC-9AFE-416F-8664-AA7FFA26D6FC): 1
LogDevObjectVersion:   Dev-Destruction (174F1F0B-B4C6-45A5-B13F-2EE8D0FB917D): 9
LogInit: Presizing for max 16777216 objects, including 0 objects not considered by GC, pre-allocating 0 bytes for permanent pool.
LogInit: Object subsystem initialized
LogConfig: Setting CVar [[con.DebugEarlyDefault:1]]
LogConfig: Setting CVar [[r.setres:1280x720]]
[2020.05.31-11.25.23:122][  0]LogConfig: Setting CVar [[r.VSync:0]]
[2020.05.31-11.25.23:122][  0]LogConfig: Setting CVar [[r.RHICmdBypass:0]]
[2020.05.31-11.25.23:122][  0]LogConfig: Applying CVar settings from Section [/Script/Engine.RendererSettings] File [C:/50. Git/UE4Proj-BookTutorial/BookPractice/Saved/Config/Windows/Engine.ini]
[2020.05.31-11.25.23:122][  0]LogConfig: Setting CVar [[r.GPUCrashDebugging:0]]
[2020.05.31-11.25.23:122][  0]LogConfig: Applying CVar settings from Section [/Script/Engine.RendererOverrideSettings] File [C:/50. Git/UE4Proj-BookTutorial/BookPractice/Saved/Config/Windows/Engine.ini]
[2020.05.31-11.25.23:122][  0]LogConfig: Applying CVar settings from Section [/Script/Engine.StreamingSettings] File [C:/50. Git/UE4Proj-BookTutorial/BookPractice/Saved/Config/Windows/Engine.ini]
[2020.05.31-11.25.23:122][  0]LogConfig: Setting CVar [[s.MinBulkDataSizeForAsyncLoading:131072]]
[2020.05.31-11.25.23:122][  0]LogConfig: Setting CVar [[s.AsyncLoadingThreadEnabled:0]]
[2020.05.31-11.25.23:122][  0]LogConfig: Setting CVar [[s.EventDrivenLoaderEnabled:1]]
[2020.05.31-11.25.23:122][  0]LogConfig: Setting CVar [[s.WarnIfTimeLimitExceeded:0]]
[2020.05.31-11.25.23:122][  0]LogConfig: Setting CVar [[s.TimeLimitExceededMultiplier:1.5]]
[2020.05.31-11.25.23:122][  0]LogConfig: Setting CVar [[s.TimeLimitExceededMinTime:0.005]]
[2020.05.31-11.25.23:122][  0]LogConfig: Setting CVar [[s.UseBackgroundLevelStreaming:1]]
[2020.05.31-11.25.23:122][  0]LogConfig: Setting CVar [[s.PriorityAsyncLoadingExtraTime:15.0]]
[2020.05.31-11.25.23:122][  0]LogConfig: Setting CVar [[s.LevelStreamingActorsUpdateTimeLimit:5.0]]
[2020.05.31-11.25.23:122][  0]LogConfig: Setting CVar [[s.PriorityLevelStreamingActorsUpdateExtraTime:5.0]]
[2020.05.31-11.25.23:122][  0]LogConfig: Setting CVar [[s.LevelStreamingComponentsRegistrationGranularity:10]]
[2020.05.31-11.25.23:122][  0]LogConfig: Setting CVar [[s.UnregisterComponentsTimeLimit:1.0]]
[2020.05.31-11.25.23:122][  0]LogConfig: Setting CVar [[s.LevelStreamingComponentsUnregistrationGranularity:5]]
[2020.05.31-11.25.23:122][  0]LogConfig: Applying CVar settings from Section [/Script/Engine.GarbageCollectionSettings] File [C:/50. Git/UE4Proj-BookTutorial/BookPractice/Saved/Config/Windows/Engine.ini]
[2020.05.31-11.25.23:122][  0]LogConfig: Setting CVar [[gc.MaxObjectsNotConsideredByGC:1]]
[2020.05.31-11.25.23:122][  0]LogConfig: Setting CVar [[gc.SizeOfPermanentObjectPool:0]]
[2020.05.31-11.25.23:122][  0]LogConfig: Setting CVar [[gc.FlushStreamingOnGC:0]]
[2020.05.31-11.25.23:122][  0]LogConfig: Setting CVar [[gc.NumRetriesBeforeForcingGC:10]]
[2020.05.31-11.25.23:122][  0]LogConfig: Setting CVar [[gc.AllowParallelGC:1]]
[2020.05.31-11.25.23:122][  0]LogConfig: Setting CVar [[gc.TimeBetweenPurgingPendingKillObjects:61.1]]
[2020.05.31-11.25.23:122][  0]LogConfig: Setting CVar [[gc.MaxObjectsInEditor:16777216]]
[2020.05.31-11.25.23:122][  0]LogConfig: Setting CVar [[gc.IncrementalBeginDestroyEnabled:1]]
[2020.05.31-11.25.23:122][  0]LogConfig: Setting CVar [[gc.CreateGCClusters:1]]
[2020.05.31-11.25.23:122][  0]LogConfig: Setting CVar [[gc.MinGCClusterSize:5]]
[2020.05.31-11.25.23:122][  0]LogConfig: Setting CVar [[gc.ActorClusteringEnabled:0]]
[2020.05.31-11.25.23:122][  0]LogConfig: Setting CVar [[gc.BlueprintClusteringEnabled:0]]
[2020.05.31-11.25.23:122][  0]LogConfig: Setting CVar [[gc.UseDisregardForGCOnDedicatedServers:0]]
[2020.05.31-11.25.23:122][  0]LogConfig: Applying CVar settings from Section [/Script/Engine.NetworkSettings] File [C:/50. Git/UE4Proj-BookTutorial/BookPractice/Saved/Config/Windows/Engine.ini]
[2020.05.31-11.25.23:122][  0]LogConfig: Applying CVar settings from Section [/Script/UnrealEd.CookerSettings] File [C:/50. Git/UE4Proj-BookTutorial/BookPractice/Saved/Config/Windows/Engine.ini]
[2020.05.31-11.25.23:125][  0]LogConfig: Applying CVar settings from Section [ViewDistanceQuality@3] File [C:/50. Git/UE4Proj-BookTutorial/BookPractice/Saved/Config/Windows/Scalability.ini]
[2020.05.31-11.25.23:126][  0]LogConfig: Setting CVar [[r.SkeletalMeshLODBias:0]]
[2020.05.31-11.25.23:126][  0]LogConfig: Setting CVar [[r.ViewDistanceScale:1.0]]
[2020.05.31-11.25.23:126][  0]LogConfig: Applying CVar settings from Section [AntiAliasingQuality@3] File [C:/50. Git/UE4Proj-BookTutorial/BookPractice/Saved/Config/Windows/Scalability.ini]
[2020.05.31-11.25.23:126][  0]LogConfig: Setting CVar [[r.PostProcessAAQuality:4]]
[2020.05.31-11.25.23:126][  0]LogConfig: Applying CVar settings from Section [ShadowQuality@3] File [C:/50. Git/UE4Proj-BookTutorial/BookPractice/Saved/Config/Windows/Scalability.ini]
[2020.05.31-11.25.23:126][  0]LogConfig: Setting CVar [[r.LightFunctionQuality:1]]
[2020.05.31-11.25.23:126][  0]LogConfig: Setting CVar [[r.ShadowQuality:5]]
[2020.05.31-11.25.23:126][  0]LogConfig: Setting CVar [[r.Shadow.CSM.MaxCascades:10]]
[2020.05.31-11.25.23:126][  0]LogConfig: Setting CVar [[r.Shadow.MaxResolution:2048]]
[2020.05.31-11.25.23:126][  0]LogConfig: Setting CVar [[r.Shadow.MaxCSMResolution:2048]]
[2020.05.31-11.25.23:126][  0]LogConfig: Setting CVar [[r.Shadow.RadiusThreshold:0.01]]
[2020.05.31-11.25.23:126][  0]LogConfig: Setting CVar [[r.Shadow.DistanceScale:1.0]]
[2020.05.31-11.25.23:126][  0]LogConfig: Setting CVar [[r.Shadow.CSM.TransitionScale:1.0]]
[2020.05.31-11.25.23:126][  0]LogConfig: Setting CVar [[r.Shadow.PreShadowResolutionFactor:1.0]]
[2020.05.31-11.25.23:126][  0]LogConfig: Setting CVar [[r.DistanceFieldShadowing:1]]
[2020.05.31-11.25.23:126][  0]LogConfig: Setting CVar [[r.DistanceFieldAO:1]]
[2020.05.31-11.25.23:126][  0]LogConfig: Setting CVar [[r.AOQuality:2]]
[2020.05.31-11.25.23:126][  0]LogConfig: Setting CVar [[r.VolumetricFog:1]]
[2020.05.31-11.25.23:126][  0]LogConfig: Setting CVar [[r.VolumetricFog.GridPixelSize:8]]
[2020.05.31-11.25.23:126][  0]LogConfig: Setting CVar [[r.VolumetricFog.GridSizeZ:128]]
[2020.05.31-11.25.23:126][  0]LogConfig: Setting CVar [[r.VolumetricFog.HistoryMissSupersampleCount:4]]
[2020.05.31-11.25.23:126][  0]LogConfig: Setting CVar [[r.LightMaxDrawDistanceScale:1]]
[2020.05.31-11.25.23:126][  0]LogConfig: Setting CVar [[r.CapsuleShadows:1]]
[2020.05.31-11.25.23:126][  0]LogConfig: Applying CVar settings from Section [PostProcessQuality@3] File [C:/50. Git/UE4Proj-BookTutorial/BookPractice/Saved/Config/Windows/Scalability.ini]
[2020.05.31-11.25.23:126][  0]LogConfig: Setting CVar [[r.MotionBlurQuality:4]]
[2020.05.31-11.25.23:126][  0]LogConfig: Setting CVar [[r.AmbientOcclusionMipLevelFactor:0.4]]
[2020.05.31-11.25.23:126][  0]LogConfig: Setting CVar [[r.AmbientOcclusionMaxQuality:100]]
[2020.05.31-11.25.23:126][  0]LogConfig: Setting CVar [[r.AmbientOcclusionLevels:-1]]
[2020.05.31-11.25.23:126][  0]LogConfig: Setting CVar [[r.AmbientOcclusionRadiusScale:1.0]]
[2020.05.31-11.25.23:126][  0]LogConfig: Setting CVar [[r.DepthOfFieldQuality:2]]
[2020.05.31-11.25.23:126][  0]LogConfig: Setting CVar [[r.RenderTargetPoolMin:400]]
[2020.05.31-11.25.23:126][  0]LogConfig: Setting CVar [[r.LensFlareQuality:2]]
[2020.05.31-11.25.23:126][  0]LogConfig: Setting CVar [[r.SceneColorFringeQuality:1]]
[2020.05.31-11.25.23:126][  0]LogConfig: Setting CVar [[r.EyeAdaptationQuality:2]]
[2020.05.31-11.25.23:126][  0]LogConfig: Setting CVar [[r.BloomQuality:5]]
[2020.05.31-11.25.23:126][  0]LogConfig: Setting CVar [[r.FastBlurThreshold:100]]
[2020.05.31-11.25.23:126][  0]LogConfig: Setting CVar [[r.Upscale.Quality:3]]
[2020.05.31-11.25.23:126][  0]LogConfig: Setting CVar [[r.Tonemapper.GrainQuantization:1]]
[2020.05.31-11.25.23:126][  0]LogConfig: Setting CVar [[r.LightShaftQuality:1]]
[2020.05.31-11.25.23:126][  0]LogConfig: Setting CVar [[r.Filter.SizeScale:1]]
[2020.05.31-11.25.23:126][  0]LogConfig: Setting CVar [[r.Tonemapper.Quality:5]]
[2020.05.31-11.25.23:126][  0]LogConfig: Setting CVar [[r.DOF.Gather.AccumulatorQuality:1        ; higher gathering accumulator quality]]
[2020.05.31-11.25.23:126][  0]LogConfig: Setting CVar [[r.DOF.Gather.PostfilterMethod:1          ; Median3x3 postfilering method]]
[2020.05.31-11.25.23:126][  0]LogConfig: Setting CVar [[r.DOF.Gather.EnableBokehSettings:0       ; no bokeh simulation when gathering]]
[2020.05.31-11.25.23:126][  0]LogConfig: Setting CVar [[r.DOF.Gather.RingCount:4                 ; medium number of samples when gathering]]
[2020.05.31-11.25.23:127][  0]LogConfig: Setting CVar [[r.DOF.Scatter.ForegroundCompositing:1    ; additive foreground scattering]]
[2020.05.31-11.25.23:127][  0]LogConfig: Setting CVar [[r.DOF.Scatter.BackgroundCompositing:2    ; additive background scattering]]
[2020.05.31-11.25.23:127][  0]LogConfig: Setting CVar [[r.DOF.Scatter.EnableBokehSettings:1      ; bokeh simulation when scattering]]
[2020.05.31-11.25.23:127][  0]LogConfig: Setting CVar [[r.DOF.Scatter.MaxSpriteRatio:0.1         ; only a maximum of 10% of scattered bokeh]]
[2020.05.31-11.25.23:127][  0]LogConfig: Setting CVar [[r.DOF.Recombine.Quality:1                ; cheap slight out of focus]]
[2020.05.31-11.25.23:127][  0]LogConfig: Setting CVar [[r.DOF.Recombine.EnableBokehSettings:0    ; no bokeh simulation on slight out of focus]]
[2020.05.31-11.25.23:127][  0]LogConfig: Setting CVar [[r.DOF.TemporalAAQuality:1                ; more stable temporal accumulation]]
[2020.05.31-11.25.23:127][  0]LogConfig: Setting CVar [[r.DOF.Kernel.MaxForegroundRadius:0.025]]
[2020.05.31-11.25.23:127][  0]LogConfig: Setting CVar [[r.DOF.Kernel.MaxBackgroundRadius:0.025]]
[2020.05.31-11.25.23:127][  0]LogConfig: Applying CVar settings from Section [TextureQuality@3] File [C:/50. Git/UE4Proj-BookTutorial/BookPractice/Saved/Config/Windows/Scalability.ini]
[2020.05.31-11.25.23:127][  0]LogConfig: Setting CVar [[r.Streaming.MipBias:0]]
[2020.05.31-11.25.23:127][  0]LogConfig: Setting CVar [[r.Streaming.AmortizeCPUToGPUCopy:0]]
[2020.05.31-11.25.23:127][  0]LogConfig: Setting CVar [[r.Streaming.MaxNumTexturesToStreamPerFrame:0]]
[2020.05.31-11.25.23:127][  0]LogConfig: Setting CVar [[r.Streaming.Boost:1]]
[2020.05.31-11.25.23:127][  0]LogConfig: Setting CVar [[r.MaxAnisotropy:8]]
[2020.05.31-11.25.23:127][  0]LogConfig: Setting CVar [[r.Streaming.LimitPoolSizeToVRAM:0]]
[2020.05.31-11.25.23:127][  0]LogConfig: Setting CVar [[r.Streaming.PoolSize:1000]]
[2020.05.31-11.25.23:127][  0]LogConfig: Setting CVar [[r.Streaming.MaxEffectiveScreenSize:0]]
[2020.05.31-11.25.23:127][  0]LogConfig: Applying CVar settings from Section [EffectsQuality@3] File [C:/50. Git/UE4Proj-BookTutorial/BookPractice/Saved/Config/Windows/Scalability.ini]
[2020.05.31-11.25.23:127][  0]LogConfig: Setting CVar [[r.TranslucencyLightingVolumeDim:64]]
[2020.05.31-11.25.23:127][  0]LogConfig: Setting CVar [[r.RefractionQuality:2]]
[2020.05.31-11.25.23:127][  0]LogConfig: Setting CVar [[r.SSR.Quality:3]]
[2020.05.31-11.25.23:127][  0]LogConfig: Setting CVar [[r.SceneColorFormat:4]]
[2020.05.31-11.25.23:127][  0]LogConfig: Setting CVar [[r.DetailMode:2]]
[2020.05.31-11.25.23:127][  0]LogConfig: Setting CVar [[r.TranslucencyVolumeBlur:1]]
[2020.05.31-11.25.23:127][  0]LogConfig: Setting CVar [[r.MaterialQualityLevel:1 ; High quality]]
[2020.05.31-11.25.23:127][  0]LogConfig: Setting CVar [[r.SSS.Scale:1]]
[2020.05.31-11.25.23:127][  0]LogConfig: Setting CVar [[r.SSS.SampleSet:2]]
[2020.05.31-11.25.23:127][  0]LogConfig: Setting CVar [[r.SSS.Quality:1]]
[2020.05.31-11.25.23:127][  0]LogConfig: Setting CVar [[r.SSS.HalfRes:1]]
[2020.05.31-11.25.23:127][  0]LogConfig: Setting CVar [[r.EmitterSpawnRateScale:1.0]]
[2020.05.31-11.25.23:127][  0]LogConfig: Setting CVar [[r.ParticleLightQuality:2]]
[2020.05.31-11.25.23:127][  0]LogConfig: Applying CVar settings from Section [FoliageQuality@3] File [C:/50. Git/UE4Proj-BookTutorial/BookPractice/Saved/Config/Windows/Scalability.ini]
[2020.05.31-11.25.23:127][  0]LogConfig: Setting CVar [[foliage.DensityScale:1.0]]
[2020.05.31-11.25.23:127][  0]LogConfig: Setting CVar [[grass.DensityScale:1.0]]
[2020.05.31-11.25.23:127][  0]LogInit: Selected Device Profile: [Windows]
[2020.05.31-11.25.23:127][  0]LogInit: Applying CVar settings loaded from the selected device profile: [Windows]
[2020.05.31-11.25.23:131][  0]LogHAL: Display: Platform has ~ 16 GB [17101537280 / 17179869184 / 16], which maps to Larger [LargestMinGB=32, LargerMinGB=12, DefaultMinGB=8, SmallerMinGB=6, SmallestMinGB=0)
[2020.05.31-11.25.23:131][  0]LogInit: Going up to parent DeviceProfile []
[2020.05.31-11.25.23:131][  0]LogConfig: Applying CVar settings from Section [ViewDistanceQuality@1] File [C:/50. Git/UE4Proj-BookTutorial/BookPractice/Saved/Config/Windows/Scalability.ini]
[2020.05.31-11.25.23:131][  0]LogConfig: Setting CVar [[r.SkeletalMeshLODBias:1]]
[2020.05.31-11.25.23:131][  0]LogConfig: Setting CVar [[r.ViewDistanceScale:0.6]]
[2020.05.31-11.25.23:131][  0]LogConfig: Applying CVar settings from Section [AntiAliasingQuality@1] File [C:/50. Git/UE4Proj-BookTutorial/BookPractice/Saved/Config/Windows/Scalability.ini]
[2020.05.31-11.25.23:131][  0]LogConfig: Setting CVar [[r.PostProcessAAQuality:2]]
[2020.05.31-11.25.23:131][  0]LogConfig: Applying CVar settings from Section [ShadowQuality@1] File [C:/50. Git/UE4Proj-BookTutorial/BookPractice/Saved/Config/Windows/Scalability.ini]
[2020.05.31-11.25.23:131][  0]LogConfig: Setting CVar [[r.LightFunctionQuality:1]]
[2020.05.31-11.25.23:131][  0]LogConfig: Setting CVar [[r.ShadowQuality:3]]
[2020.05.31-11.25.23:131][  0]LogConfig: Setting CVar [[r.Shadow.CSM.MaxCascades:1]]
[2020.05.31-11.25.23:131][  0]LogConfig: Setting CVar [[r.Shadow.MaxResolution:1024]]
[2020.05.31-11.25.23:131][  0]LogConfig: Setting CVar [[r.Shadow.MaxCSMResolution:1024]]
[2020.05.31-11.25.23:131][  0]LogConfig: Setting CVar [[r.Shadow.RadiusThreshold:0.05]]
[2020.05.31-11.25.23:131][  0]LogConfig: Setting CVar [[r.Shadow.DistanceScale:0.7]]
[2020.05.31-11.25.23:131][  0]LogConfig: Setting CVar [[r.Shadow.CSM.TransitionScale:0.25]]
[2020.05.31-11.25.23:131][  0]LogConfig: Setting CVar [[r.Shadow.PreShadowResolutionFactor:0.5]]
[2020.05.31-11.25.23:131][  0]LogConfig: Setting CVar [[r.DistanceFieldShadowing:0]]
[2020.05.31-11.25.23:131][  0]LogConfig: Setting CVar [[r.DistanceFieldAO:0]]
[2020.05.31-11.25.23:131][  0]LogConfig: Setting CVar [[r.VolumetricFog:0]]
[2020.05.31-11.25.23:131][  0]LogConfig: Setting CVar [[r.LightMaxDrawDistanceScale:.5]]
[2020.05.31-11.25.23:131][  0]LogConfig: Setting CVar [[r.CapsuleShadows:1]]
[2020.05.31-11.25.23:131][  0]LogConfig: Applying CVar settings from Section [PostProcessQuality@1] File [C:/50. Git/UE4Proj-BookTutorial/BookPractice/Saved/Config/Windows/Scalability.ini]
[2020.05.31-11.25.23:131][  0]LogConfig: Setting CVar [[r.MotionBlurQuality:3]]
[2020.05.31-11.25.23:131][  0]LogConfig: Setting CVar [[r.AmbientOcclusionMipLevelFactor:1.0]]
[2020.05.31-11.25.23:131][  0]LogConfig: Setting CVar [[r.AmbientOcclusionMaxQuality:60]]
[2020.05.31-11.25.23:131][  0]LogConfig: Setting CVar [[r.AmbientOcclusionLevels:-1]]
[2020.05.31-11.25.23:131][  0]LogConfig: Setting CVar [[r.AmbientOcclusionRadiusScale:1.5]]
[2020.05.31-11.25.23:131][  0]LogConfig: Setting CVar [[r.DepthOfFieldQuality:1]]
[2020.05.31-11.25.23:131][  0]LogConfig: Setting CVar [[r.RenderTargetPoolMin:350]]
[2020.05.31-11.25.23:131][  0]LogConfig: Setting CVar [[r.LensFlareQuality:0]]
[2020.05.31-11.25.23:131][  0]LogConfig: Setting CVar [[r.SceneColorFringeQuality:0]]
[2020.05.31-11.25.23:132][  0]LogConfig: Setting CVar [[r.EyeAdaptationQuality:0]]
[2020.05.31-11.25.23:132][  0]LogConfig: Setting CVar [[r.BloomQuality:4]]
[2020.05.31-11.25.23:132][  0]LogConfig: Setting CVar [[r.FastBlurThreshold:2]]
[2020.05.31-11.25.23:132][  0]LogConfig: Setting CVar [[r.Upscale.Quality:2]]
[2020.05.31-11.25.23:132][  0]LogConfig: Setting CVar [[r.Tonemapper.GrainQuantization:0]]
[2020.05.31-11.25.23:132][  0]LogConfig: Setting CVar [[r.LightShaftQuality:0]]
[2020.05.31-11.25.23:132][  0]LogConfig: Setting CVar [[r.Filter.SizeScale:0.7]]
[2020.05.31-11.25.23:132][  0]LogConfig: Setting CVar [[r.Tonemapper.Quality:2]]
[2020.05.31-11.25.23:132][  0]LogConfig: Setting CVar [[r.DOF.Gather.AccumulatorQuality:0        ; lower gathering accumulator quality]]
[2020.05.31-11.25.23:132][  0]LogConfig: Setting CVar [[r.DOF.Gather.PostfilterMethod:2          ; Max3x3 postfilering method]]
[2020.05.31-11.25.23:132][  0]LogConfig: Setting CVar [[r.DOF.Gather.EnableBokehSettings:0       ; no bokeh simulation when gathering]]
[2020.05.31-11.25.23:132][  0]LogConfig: Setting CVar [[r.DOF.Gather.RingCount:3                 ; low number of samples when gathering]]
[2020.05.31-11.25.23:132][  0]LogConfig: Setting CVar [[r.DOF.Scatter.ForegroundCompositing:0    ; no foreground scattering]]
[2020.05.31-11.25.23:132][  0]LogConfig: Setting CVar [[r.DOF.Scatter.BackgroundCompositing:0    ; no foreground scattering]]
[2020.05.31-11.25.23:132][  0]LogConfig: Setting CVar [[r.DOF.Recombine.Quality:0                ; no slight out of focus]]
[2020.05.31-11.25.23:132][  0]LogConfig: Setting CVar [[r.DOF.TemporalAAQuality:0                ; faster temporal accumulation]]
[2020.05.31-11.25.23:132][  0]LogConfig: Setting CVar [[r.DOF.Kernel.MaxForegroundRadius:0.006   ; required because low gathering and no scattering and not looking great at 1080p]]
[2020.05.31-11.25.23:132][  0]LogConfig: Setting CVar [[r.DOF.Kernel.MaxBackgroundRadius:0.006   ; required because low gathering and no scattering and not looking great at 1080p]]
[2020.05.31-11.25.23:132][  0]LogConfig: Applying CVar settings from Section [TextureQuality@1] File [C:/50. Git/UE4Proj-BookTutorial/BookPractice/Saved/Config/Windows/Scalability.ini]
[2020.05.31-11.25.23:132][  0]LogConfig: Setting CVar [[r.Streaming.MipBias:1]]
[2020.05.31-11.25.23:132][  0]LogConfig: Setting CVar [[r.Streaming.AmortizeCPUToGPUCopy:0]]
[2020.05.31-11.25.23:132][  0]LogConfig: Setting CVar [[r.Streaming.MaxNumTexturesToStreamPerFrame:0]]
[2020.05.31-11.25.23:132][  0]LogConfig: Setting CVar [[r.Streaming.Boost:1]]
[2020.05.31-11.25.23:132][  0]LogConfig: Setting CVar [[r.MaxAnisotropy:2]]
[2020.05.31-11.25.23:132][  0]LogConfig: Setting CVar [[r.Streaming.LimitPoolSizeToVRAM:1]]
[2020.05.31-11.25.23:132][  0]LogConfig: Setting CVar [[r.Streaming.PoolSize:600]]
[2020.05.31-11.25.23:132][  0]LogConfig: Setting CVar [[r.Streaming.MaxEffectiveScreenSize:0]]
[2020.05.31-11.25.23:132][  0]LogConfig: Applying CVar settings from Section [EffectsQuality@1] File [C:/50. Git/UE4Proj-BookTutorial/BookPractice/Saved/Config/Windows/Scalability.ini]
[2020.05.31-11.25.23:132][  0]LogConfig: Setting CVar [[r.TranslucencyLightingVolumeDim:32]]
[2020.05.31-11.25.23:132][  0]LogConfig: Setting CVar [[r.RefractionQuality:0]]
[2020.05.31-11.25.23:132][  0]LogConfig: Setting CVar [[r.SSR.Quality:0]]
[2020.05.31-11.25.23:132][  0]LogConfig: Setting CVar [[r.SceneColorFormat:3]]
[2020.05.31-11.25.23:132][  0]LogConfig: Setting CVar [[r.DetailMode:1]]
[2020.05.31-11.25.23:132][  0]LogConfig: Setting CVar [[r.TranslucencyVolumeBlur:0]]
[2020.05.31-11.25.23:132][  0]LogConfig: Setting CVar [[r.MaterialQualityLevel:2 ; Medium quality]]
[2020.05.31-11.25.23:132][  0]LogConfig: Setting CVar [[r.SSS.Scale:0.75]]
[2020.05.31-11.25.23:132][  0]LogConfig: Setting CVar [[r.SSS.SampleSet:0]]
[2020.05.31-11.25.23:132][  0]LogConfig: Setting CVar [[r.SSS.Quality:0]]
[2020.05.31-11.25.23:132][  0]LogConfig: Setting CVar [[r.SSS.HalfRes:1]]
[2020.05.31-11.25.23:132][  0]LogConfig: Setting CVar [[r.EmitterSpawnRateScale:0.25]]
[2020.05.31-11.25.23:132][  0]LogConfig: Setting CVar [[r.ParticleLightQuality:0]]
[2020.05.31-11.25.23:132][  0]LogConfig: Applying CVar settings from Section [FoliageQuality@1] File [C:/50. Git/UE4Proj-BookTutorial/BookPractice/Saved/Config/Windows/Scalability.ini]
[2020.05.31-11.25.23:132][  0]LogConfig: Setting CVar [[foliage.DensityScale:0.4]]
[2020.05.31-11.25.23:132][  0]LogConfig: Setting CVar [[grass.DensityScale:0.4]]
[2020.05.31-11.25.23:133][  0]LogConfig: Applying CVar settings from Section [Startup] File [../../../Engine/Config/ConsoleVariables.ini]
[2020.05.31-11.25.23:133][  0]LogConfig: Setting CVar [[net.UseAdaptiveNetUpdateFrequency:0]]
[2020.05.31-11.25.23:133][  0]LogConfig: Setting CVar [[p.chaos.AllowCreatePhysxBodies:1]]
[2020.05.31-11.25.23:133][  0]LogConfig: Applying CVar settings from Section [ConsoleVariables] File [C:/50. Git/UE4Proj-BookTutorial/BookPractice/Saved/Config/Windows/Engine.ini]
[2020.05.31-11.25.23:133][  0]LogInit: Computer: WIN10OHS90377
[2020.05.31-11.25.23:133][  0]LogInit: User: Madao
[2020.05.31-11.25.23:133][  0]LogInit: CPU Page size=4096, Cores=2
[2020.05.31-11.25.23:133][  0]LogInit: High frequency timer resolution =10.000000 MHz
[2020.05.31-11.25.23:133][  0]LogMemory: Memory total: Physical=15.9GB (16GB approx)
[2020.05.31-11.25.23:133][  0]LogMemory: Platform Memory Stats for Windows
[2020.05.31-11.25.23:133][  0]LogMemory: Process Physical Memory: 100.10 MB used, 100.11 MB peak
[2020.05.31-11.25.23:133][  0]LogMemory: Process Virtual Memory: 87.72 MB used, 87.72 MB peak
[2020.05.31-11.25.23:133][  0]LogMemory: Physical Memory: 6771.17 MB used,  9538.13 MB free, 16309.30 MB total
[2020.05.31-11.25.23:133][  0]LogMemory: Virtual Memory: 4639.76 MB used,  134213088.00 MB free, 134217728.00 MB total
[2020.05.31-11.25.23:137][  0]LogWindows: WindowsPlatformFeatures enabled
[2020.05.31-11.25.23:164][  0]LogInit: Overriding language with editor language configuration option (en).
[2020.05.31-11.25.23:164][  0]LogInit: Overriding locale with editor culture configuration option ().
[2020.05.31-11.25.23:164][  0]LogInit: Using OS detected locale (ja-JP).
[2020.05.31-11.25.23:387][  0]LogInit: Setting process to per monitor DPI aware
[2020.05.31-11.25.23:468][  0]LogSlate: New Slate User Created.  User Index 0, Is Virtual User: 0
[2020.05.31-11.25.23:468][  0]LogSlate: Slate User Registered.  User Index 0, Is Virtual User: 0
[2020.05.31-11.25.23:704][  0]LogHMD: Failed to initialize OpenVR with code 110
[2020.05.31-11.25.23:704][  0]LogD3D11RHI: D3D11 adapters:
[2020.05.31-11.25.23:728][  0]LogD3D11RHI:    0. 'Intel(R) Iris(R) Graphics 540' (Feature Level 11_0)
[2020.05.31-11.25.23:728][  0]LogD3D11RHI:       128/0/8154 MB DedicatedVideo/DedicatedSystem/SharedSystem, Outputs:1, VendorId:0x8086
[2020.05.31-11.25.23:731][  0]LogD3D11RHI:    1. 'Microsoft Basic Render Driver' (Feature Level 11_0)
[2020.05.31-11.25.23:731][  0]LogD3D11RHI:       0/0/8154 MB DedicatedVideo/DedicatedSystem/SharedSystem, Outputs:0, VendorId:0x1414
[2020.05.31-11.25.23:731][  0]LogD3D11RHI: Chosen D3D11 Adapter: 0
[2020.05.31-11.25.23:739][  0]LogD3D11RHI: Creating new Direct3DDevice
[2020.05.31-11.25.23:739][  0]LogD3D11RHI:     GPU DeviceId: 0x1926 (for the marketing name, search the web for "GPU Device Id")
[2020.05.31-11.25.23:739][  0]LogWindows: EnumDisplayDevices:
[2020.05.31-11.25.23:739][  0]LogWindows:    0. 'Intel(R) Iris(R) Graphics 540' (P:1 D:1)
[2020.05.31-11.25.23:740][  0]LogWindows:    1. 'Intel(R) Iris(R) Graphics 540' (P:0 D:0)
[2020.05.31-11.25.23:740][  0]LogWindows:    2. 'Intel(R) Iris(R) Graphics 540' (P:0 D:0)
[2020.05.31-11.25.23:740][  0]LogWindows: DebugString: FoundDriverCount:3 
[2020.05.31-11.25.23:741][  0]LogD3D11RHI:     Adapter Name: Intel(R) Iris(R) Graphics 540
[2020.05.31-11.25.23:741][  0]LogD3D11RHI:   Driver Version: 24.20.100.6299 (internal:24.20.100.6299, unified:24.20.100.6299)
[2020.05.31-11.25.23:741][  0]LogD3D11RHI:      Driver Date: 10-11-2018
[2020.05.31-11.25.23:741][  0]LogRHI: Texture pool is 1523 MB (70% of 2176 MB)
[2020.05.31-11.25.23:761][  0]LogD3D11RHI: Async texture creation enabled
[2020.05.31-11.25.23:769][  0]LogD3D11RHI: GPU Timing Frequency: 12.000048 (Debug: 2 0)
[2020.05.31-11.25.24:230][  0]LogTemp: Display: Module 'AllDesktopTargetPlatform' loaded TargetPlatform 'AllDesktop'
[2020.05.31-11.25.24:240][  0]LogTemp: Display: Module 'MacClientTargetPlatform' loaded TargetPlatform 'MacClient'
[2020.05.31-11.25.24:250][  0]LogTemp: Display: Module 'MacNoEditorTargetPlatform' loaded TargetPlatform 'MacNoEditor'
[2020.05.31-11.25.24:260][  0]LogTemp: Display: Module 'MacServerTargetPlatform' loaded TargetPlatform 'MacServer'
[2020.05.31-11.25.24:269][  0]LogTemp: Display: Module 'MacTargetPlatform' loaded TargetPlatform 'Mac'
[2020.05.31-11.25.24:279][  0]LogTemp: Display: Module 'WindowsClientTargetPlatform' loaded TargetPlatform 'WindowsClient'
[2020.05.31-11.25.24:289][  0]LogTemp: Display: Module 'WindowsNoEditorTargetPlatform' loaded TargetPlatform 'WindowsNoEditor'
[2020.05.31-11.25.24:298][  0]LogTemp: Display: Module 'WindowsServerTargetPlatform' loaded TargetPlatform 'WindowsServer'
[2020.05.31-11.25.24:303][  0]LogTemp: Display: Module 'WindowsTargetPlatform' loaded TargetPlatform 'Windows'
[2020.05.31-11.25.24:339][  0]LogTemp: Display: Module 'AndroidTargetPlatform' loaded TargetPlatform 'Android'
[2020.05.31-11.25.24:339][  0]LogTemp: Display: Module 'AndroidTargetPlatform' loaded TargetPlatform 'Android_ASTC'
[2020.05.31-11.25.24:339][  0]LogTemp: Display: Module 'AndroidTargetPlatform' loaded TargetPlatform 'Android_ATC'
[2020.05.31-11.25.24:339][  0]LogTemp: Display: Module 'AndroidTargetPlatform' loaded TargetPlatform 'Android_DXT'
[2020.05.31-11.25.24:339][  0]LogTemp: Display: Module 'AndroidTargetPlatform' loaded TargetPlatform 'Android_ETC1'
[2020.05.31-11.25.24:339][  0]LogTemp: Display: Module 'AndroidTargetPlatform' loaded TargetPlatform 'Android_ETC1a'
[2020.05.31-11.25.24:339][  0]LogTemp: Display: Module 'AndroidTargetPlatform' loaded TargetPlatform 'Android_ETC2'
[2020.05.31-11.25.24:339][  0]LogTemp: Display: Module 'AndroidTargetPlatform' loaded TargetPlatform 'Android_PVRTC'
[2020.05.31-11.25.24:340][  0]LogTemp: Display: Module 'AndroidTargetPlatform' loaded TargetPlatform 'AndroidClient'
[2020.05.31-11.25.24:340][  0]LogTemp: Display: Module 'AndroidTargetPlatform' loaded TargetPlatform 'Android_ASTCClient'
[2020.05.31-11.25.24:340][  0]LogTemp: Display: Module 'AndroidTargetPlatform' loaded TargetPlatform 'Android_ATCClient'
[2020.05.31-11.25.24:340][  0]LogTemp: Display: Module 'AndroidTargetPlatform' loaded TargetPlatform 'Android_DXTClient'
[2020.05.31-11.25.24:340][  0]LogTemp: Display: Module 'AndroidTargetPlatform' loaded TargetPlatform 'Android_ETC1Client'
[2020.05.31-11.25.24:340][  0]LogTemp: Display: Module 'AndroidTargetPlatform' loaded TargetPlatform 'Android_ETC1aClient'
[2020.05.31-11.25.24:340][  0]LogTemp: Display: Module 'AndroidTargetPlatform' loaded TargetPlatform 'Android_ETC2Client'
[2020.05.31-11.25.24:340][  0]LogTemp: Display: Module 'AndroidTargetPlatform' loaded TargetPlatform 'Android_PVRTCClient'
[2020.05.31-11.25.24:340][  0]LogTemp: Display: Module 'AndroidTargetPlatform' loaded TargetPlatform 'Android_Multi'
[2020.05.31-11.25.24:340][  0]LogTemp: Display: Module 'AndroidTargetPlatform' loaded TargetPlatform 'Android_MultiClient'
[2020.05.31-11.25.24:342][  0]LogTemp: Display: Module 'HTML5TargetPlatform' loaded TargetPlatform 'HTML5'
[2020.05.31-11.25.24:361][  0]LogTemp: Display: Module 'IOSTargetPlatform' loaded TargetPlatform 'IOSClient'
[2020.05.31-11.25.24:361][  0]LogTemp: Display: Module 'IOSTargetPlatform' loaded TargetPlatform 'IOS'
[2020.05.31-11.25.24:376][  0]LogTemp: Display: Module 'TVOSTargetPlatform' loaded TargetPlatform 'TVOSClient'
[2020.05.31-11.25.24:376][  0]LogTemp: Display: Module 'TVOSTargetPlatform' loaded TargetPlatform 'TVOS'
[2020.05.31-11.25.24:384][  0]LogTemp: Display: Module 'LinuxClientTargetPlatform' loaded TargetPlatform 'LinuxClient'
[2020.05.31-11.25.24:391][  0]LogTemp: Display: Module 'LinuxNoEditorTargetPlatform' loaded TargetPlatform 'LinuxNoEditor'
[2020.05.31-11.25.24:399][  0]LogTemp: Display: Module 'LinuxServerTargetPlatform' loaded TargetPlatform 'LinuxServer'
[2020.05.31-11.25.24:407][  0]LogTemp: Display: Module 'LinuxTargetPlatform' loaded TargetPlatform 'Linux'
[2020.05.31-11.25.24:433][  0]LogTemp: Display: Module 'LuminTargetPlatform' loaded TargetPlatform 'Lumin'
[2020.05.31-11.25.24:434][  0]LogTemp: Display: Module 'LuminTargetPlatform' loaded TargetPlatform 'LuminClient'
[2020.05.31-11.25.24:434][  0]LogTargetPlatformManager: Display: Building Assets For Windows
[2020.05.31-11.25.24:445][  0]LogAudioDebug: Display: Lib vorbis DLL was dynamically loaded.
[2020.05.31-11.25.24:512][  0]LogShaderCompilers: Guid format shader working directory is -14 characters bigger than the processId version (../../../../../../50. Git/UE4Proj-BookTutorial/BookPractice/Intermediate/Shaders/WorkingDirectory/19772/).
[2020.05.31-11.25.24:512][  0]LogShaderCompilers: Cleaned the shader compiler working directory 'C:/Users/Madao/AppData/Local/Temp/UnrealShaderWorkingDir/63CCD5A3440D7EF7BA3DFDADB424B476/'.
[2020.05.31-11.25.24:515][  0]LogXGEController: Cleaning working directory: C:/Users/Madao/AppData/Local/Temp/UnrealXGEWorkingDir/
[2020.05.31-11.25.24:515][  0]LogXGEController: Cannot use XGE Controller as Incredibuild is not installed on this machine.
[2020.05.31-11.25.24:515][  0]LogShaderCompilers: Cannot use XGE Shader Compiler as Incredibuild is not installed on this machine.
[2020.05.31-11.25.24:515][  0]LogShaderCompilers: Display: Using Local Shader Compiler.
[2020.05.31-11.25.25:178][  0]LogDerivedDataCache: Display: Max Cache Size: 512 MB
[2020.05.31-11.25.25:233][  0]LogDerivedDataCache: Loaded boot cache 0.05s 73MB C:/Users/Madao/AppData/Local/UnrealEngine/4.23/DerivedDataCache/Boot.ddc.
[2020.05.31-11.25.25:233][  0]LogDerivedDataCache: Display: Loaded Boot cache: C:/Users/Madao/AppData/Local/UnrealEngine/4.23/DerivedDataCache/Boot.ddc
[2020.05.31-11.25.25:233][  0]LogDerivedDataCache: FDerivedDataBackendGraph:  Pak pak cache file ../../../../../../50. Git/UE4Proj-BookTutorial/BookPractice/DerivedDataCache/DDC.ddp not found, will not use a pak cache.
[2020.05.31-11.25.25:233][  0]LogDerivedDataCache: Unable to find inner node Pak for hierarchical cache Hierarchy.
[2020.05.31-11.25.25:233][  0]LogDerivedDataCache: FDerivedDataBackendGraph:  CompressedPak pak cache file ../../../../../../50. Git/UE4Proj-BookTutorial/BookPractice/DerivedDataCache/Compressed.ddp not found, will not use a pak cache.
[2020.05.31-11.25.25:233][  0]LogDerivedDataCache: Unable to find inner node CompressedPak for hierarchical cache Hierarchy.
[2020.05.31-11.25.25:245][  0]LogDerivedDataCache: Display: Pak cache opened for reading ../../../Engine/DerivedDataCache/Compressed.ddp.
[2020.05.31-11.25.25:245][  0]LogDerivedDataCache: FDerivedDataBackendGraph:  EnterprisePak pak cache file ../../../Enterprise/DerivedDataCache/Compressed.ddp not found, will not use a pak cache.
[2020.05.31-11.25.25:245][  0]LogDerivedDataCache: Unable to find inner node EnterprisePak for hierarchical cache Hierarchy.
[2020.05.31-11.25.25:246][  0]LogDerivedDataCache: Using Local data cache path C:/Users/Madao/AppData/Local/UnrealEngine/Common/DerivedDataCache: Writable
[2020.05.31-11.25.25:246][  0]LogDerivedDataCache: Shared data cache path not found in *engine.ini, will not use an Shared cache.
[2020.05.31-11.25.25:246][  0]LogDerivedDataCache: Unable to find inner node Shared for hierarchical cache Hierarchy.
[2020.05.31-11.25.25:274][  0]LogMaterial: Verifying Global Shaders for PCD3D_SM5
[2020.05.31-11.25.25:277][  0]LogSlate: Using FreeType 2.6.0
[2020.05.31-11.25.25:277][  0]LogSlate: SlateFontServices - WITH_FREETYPE: 1, WITH_HARFBUZZ: 1
[2020.05.31-11.25.25:337][  0]LogAssetRegistry: FAssetRegistry took 0.0025 seconds to start up
[2020.05.31-11.25.25:686][  0]LogInit: Selected Device Profile: [Windows]
[2020.05.31-11.25.25:858][  0]LogMeshReduction: Using QuadricMeshReduction for automatic static mesh reduction
[2020.05.31-11.25.25:858][  0]LogMeshReduction: Using SimplygonMeshReduction for automatic skeletal mesh reduction
[2020.05.31-11.25.25:858][  0]LogMeshReduction: Using ProxyLODMeshReduction for automatic mesh merging
[2020.05.31-11.25.25:858][  0]LogMeshReduction: No distributed automatic mesh merging module available
[2020.05.31-11.25.25:858][  0]LogMeshMerging: No distributed automatic mesh merging module available
[2020.05.31-11.25.25:872][  0]LogNetVersion: BookPractice 1.0.0, NetCL: 8386587, EngineNetVer: 11, GameNetVer: 0 (Checksum: 3363534792)
[2020.05.31-11.25.26:344][  0]LogPackageLocalizationCache: Processed 12 localized package path(s) for 1 prioritized culture(s) in 0.047944 seconds
[2020.05.31-11.25.26:352][  0]LogUObjectArray: 43444 objects as part of root set at end of initial load.
[2020.05.31-11.25.26:352][  0]LogUObjectAllocator: 7548648 out of 0 bytes used by permanent object pool.
[2020.05.31-11.25.26:352][  0]LogUObjectArray: CloseDisregardForGC: 0/0 objects in disregard for GC pool
[2020.05.31-11.25.27:315][  0]LogTcpMessaging: Initializing TcpMessaging bridge
[2020.05.31-11.25.27:319][  0]LogUdpMessaging: Initializing bridge on interface 0.0.0.0:0 to multicast group 230.0.0.1:6666.
[2020.05.31-11.25.27:411][  0]SourceControl: Source control is disabled
[2020.05.31-11.25.27:412][  0]SourceControl: Source control is disabled
[2020.05.31-11.25.27:414][  0]SourceControl: Source control is disabled
[2020.05.31-11.25.27:415][  0]SourceControl: Source control is disabled
[2020.05.31-11.25.27:588][  0]LogAndroidPermission: UAndroidPermissionCallbackProxy::GetInstance
[2020.05.31-11.25.28:074][  0]LogOcInput: OculusInput pre-init called
[2020.05.31-11.25.28:089][  0]LogWindows: Failed to load 'OVRPlugin.dll' (GetLastError=126)
[2020.05.31-11.25.28:089][  0]LogWindows: File 'OVRPlugin.dll' does not exist
[2020.05.31-11.25.28:219][  0]LogEngine: Initializing Engine...
[2020.05.31-11.25.28:220][  0]LogHMD: Failed to initialize OpenVR with code 110
[2020.05.31-11.25.28:221][  0]LogStats: UGameplayTagsManager::InitializeManager -  0.000 s
[2020.05.31-11.25.28:586][  0]LogInit: Initializing FReadOnlyCVARCache
[2020.05.31-11.25.28:618][  0]LogAIModule: Creating AISystem for world Untitled
[2020.05.31-11.25.28:699][  0]LogInit: XAudio2 using '耳機 (MDR-1000X Stereo)' : 2 channels at 44.1 kHz using 16 bits per sample (channel mask 0x3)
[2020.05.31-11.25.28:731][  0]LogInit: FAudioDevice initialized.
[2020.05.31-11.25.28:732][  0]LogNetVersion: Set ProjectVersion to 1.0.0.0. Version Checksum will be recalculated on next use.
[2020.05.31-11.25.28:831][  0]LogDerivedDataCache: Saved boot cache 0.10s 73MB C:/Users/Madao/AppData/Local/UnrealEngine/4.23/DerivedDataCache/Boot.ddc.
[2020.05.31-11.25.28:839][  0]LogInit: Texture streaming: Enabled
[2020.05.31-11.25.28:872][  0]LogEngineSessionManager: EngineSessionManager initialized
[2020.05.31-11.25.28:986][  0]LogInit: Transaction tracking system initialized
[2020.05.31-11.25.29:048][  0]BlueprintLog: New page: Editor Load
[2020.05.31-11.25.29:171][  0]LocalizationService: Localization service is disabled
[2020.05.31-11.25.30:398][  0]LogFileCache: Scanning file cache for directory 'C:/50. Git/UE4Proj-BookTutorial/BookPractice/Content/' took 0.01s
[2020.05.31-11.25.30:398][  0]LogCook: Display: Max memory allowance for cook 16384mb min free memory 0mb
[2020.05.31-11.25.30:398][  0]LogCook: Display: Mobile HDR setting 1
[2020.05.31-11.25.30:782][  0]SourceControl: Source control is disabled
[2020.05.31-11.25.30:782][  0]Cmd: MAP LOAD FILE="../../../../../../50. Git/UE4Proj-BookTutorial/BookPractice/Content/ThirdPersonBP/Maps/Learning.umap" TEMPLATE=0 SHOWPROGRESS=1 FEATURELEVEL=3
[2020.05.31-11.25.30:782][  0]LightingResults: New page: Lighting Build
[2020.05.31-11.25.30:787][  0]LogWorld: UWorld::CleanupWorld for Untitled, bSessionEnded=true, bCleanupResources=true
[2020.05.31-11.25.30:787][  0]MapCheck: New page: Map Check
[2020.05.31-11.25.30:787][  0]LightingResults: New page: Lighting Build
[2020.05.31-11.25.30:828][  0]LogUObjectHash: Compacting FUObjectHashTables data took   4.32ms
[2020.05.31-11.25.31:287][  0]LogAIModule: Creating AISystem for world Learning
[2020.05.31-11.25.31:302][  0]LogEditorServer: Finished looking for orphan Actors (0.000 secs)
[2020.05.31-11.25.31:354][  0]LogUObjectHash: Compacting FUObjectHashTables data took   2.38ms
[2020.05.31-11.25.31:354][  0]Cmd: MAP CHECKDEP NOCLEARLOG
[2020.05.31-11.25.31:354][  0]MapCheck: Map check complete: 0 Error(s), 0 Warning(s), took 0.195ms to complete.
[2020.05.31-11.25.31:354][  0]LogFileHelpers: Loading map 'Learning' took 0.573
[2020.05.31-11.25.31:515][  0]LogSlate: Updating window title bar state: overlay mode, drag disabled, window buttons hidden, title bar hidden
[2020.05.31-11.25.31:529][  0]LogSlate: Updating window title bar state: overlay mode, drag disabled, window buttons hidden, title bar hidden
[2020.05.31-11.25.31:543][  0]LogSlate: Updating window title bar state: overlay mode, drag disabled, window buttons hidden, title bar hidden
[2020.05.31-11.25.31:554][  0]LogSlate: Updating window title bar state: overlay mode, drag disabled, window buttons hidden, title bar hidden
[2020.05.31-11.25.31:566][  0]LogCollectionManager: Loaded 0 collections in 0.002547 seconds
[2020.05.31-11.25.31:579][  0]LogFileCache: Scanning file cache for directory 'C:/50. Git/UE4Proj-BookTutorial/BookPractice/Saved/Collections/' took 0.00s
[2020.05.31-11.25.31:579][  0]LogFileCache: Scanning file cache for directory 'C:/50. Git/UE4Proj-BookTutorial/BookPractice/Content/Developers/Madao/Collections/' took 0.00s
[2020.05.31-11.25.31:579][  0]LogFileCache: Scanning file cache for directory 'C:/50. Git/UE4Proj-BookTutorial/BookPractice/Content/Collections/' took 0.00s
[2020.05.31-11.25.31:579][  0]LogCollectionManager: Rebuilt the GUID cache for 0 collections in 0.000002 seconds
[2020.05.31-11.25.31:594][  0]LogContentBrowser: Native class hierarchy populated in 0.0153 seconds. Added 2863 classes and 680 folders.
[2020.05.31-11.25.31:605][  0]LogContentBrowser: Native class hierarchy updated for 'WidgetCarousel' in 0.0003 seconds. Added 0 classes and 0 folders.
[2020.05.31-11.25.31:656][  0]LogContentBrowser: Native class hierarchy updated for 'AddContentDialog' in 0.0003 seconds. Added 0 classes and 0 folders.
[2020.05.31-11.25.31:667][  0]LogContentBrowser: Native class hierarchy updated for 'SceneOutliner' in 0.0003 seconds. Added 1 classes and 2 folders.
[2020.05.31-11.25.31:683][  0]LogSlate: Took 0.000225 seconds to synchronously load lazily loaded font '../../../Engine/Content/Slate/Fonts/Roboto-Regular.ttf' (155K)
[2020.05.31-11.25.31:686][  0]LogSlate: Took 0.000176 seconds to synchronously load lazily loaded font '../../../Engine/Content/Slate/Fonts/Roboto-Bold.ttf' (160K)
[2020.05.31-11.25.31:695][  0]LogSlate: Took 0.000500 seconds to synchronously load lazily loaded font '../../../Engine/Content/Editor/Slate/Fonts/FontAwesome.ttf' (139K)
[2020.05.31-11.25.31:796][  0]LogRenderer: Reallocating scene render targets to support 1072x572 Format 9 NumSamples 1 (Frame:1).
[2020.05.31-11.25.32:177][  0]LogContentBrowser: Native class hierarchy updated for 'HierarchicalLODOutliner' in 0.0003 seconds. Added 0 classes and 0 folders.
[2020.05.31-11.25.32:177][  0]LogLoad: (Engine Initialization) Total time: 10.37 seconds
[2020.05.31-11.25.32:177][  0]LogLoad: (Engine Initialization) Total Blueprint compile time: 0.00 seconds
[2020.05.31-11.25.32:257][  0]LogContentStreaming: Texture pool size now 600 MB
[2020.05.31-11.25.32:351][  1]LogAssetRegistry: Asset discovery search completed in 7.0158 seconds
[2020.05.31-11.25.32:361][  1]LogCollectionManager: Rebuilt the object cache for 0 collections in 0.000017 seconds (found 0 objects)
[2020.05.31-11.25.32:361][  1]LogCollectionManager: Fixed up redirectors for 0 collections in 0.000217 seconds (updated 0 objects)
[2020.05.31-11.25.33:286][ 36]LogSlate: Took 0.000411 seconds to synchronously load lazily loaded font '../../../Engine/Content/Slate/Fonts/Roboto-Light.ttf' (167K)
[2020.05.31-11.25.41:010][189]LogSlate: FSceneViewport::OnFocusLost() reason 2
[2020.05.31-11.25.42:323][267]LogSlate: FSceneViewport::OnFocusLost() reason 5
[2020.05.31-11.25.44:733][384]LogWindows: Warning: CreateProc failed: 指定されたファイルが見つかりません。 (0x00000002)
[2020.05.31-11.25.44:733][384]LogWindows: Warning: URL: C:/Program Files/Git/bin/git.exe version
[2020.05.31-11.25.44:734][384]LogWindows: Warning: CreateProc failed: 指定されたファイルが見つかりません。 (0x00000002)
[2020.05.31-11.25.44:734][384]LogWindows: Warning: URL: C:/Program Files (x86)/Git/bin/git.exe version
[2020.05.31-11.25.44:734][384]LogWindows: Warning: CreateProc failed: 指定されたファイルが見つかりません。 (0x00000002)
[2020.05.31-11.25.44:734][384]LogWindows: Warning: URL: C:\Users\Madao\AppData\Local/Programs/Git/cmd/git.exe version
[2020.05.31-11.25.44:734][384]LogWindows: Warning: CreateProc failed: 指定されたファイルが見つかりません。 (0x00000002)
[2020.05.31-11.25.44:734][384]LogWindows: Warning: URL: C:/Program Files (x86)/SmartGit/git/bin/git.exe version
[2020.05.31-11.25.44:735][384]LogWindows: Warning: CreateProc failed: 指定されたファイルが見つかりません。 (0x00000002)
[2020.05.31-11.25.44:735][384]LogWindows: Warning: URL: C:/Program Files (x86)/SmartGit/bin/git.exe version
[2020.05.31-11.25.44:735][384]LogWindows: Warning: CreateProc failed: 指定されたファイルが見つかりません。 (0x00000002)
[2020.05.31-11.25.44:735][384]LogWindows: Warning: URL: C:\Users\Madao\AppData\Local/Atlassian/SourceTree/git_local/bin/git.exe version
[2020.05.31-11.25.44:735][384]LogWindows: Warning: CreateProc failed: 指定されたファイルが見つかりません。 (0x00000002)
[2020.05.31-11.25.44:735][384]LogWindows: Warning: URL: C:/Program Files (x86)/fournova/Tower/vendor/Git/bin/git.exe version
[2020.05.31-11.25.50:883][681]SourceControl: Source control is disabled
[2020.05.31-11.25.53:417][802]LogSlate: Window 'Source Control Login' being destroyed
[2020.05.31-11.25.54:596][859]LogEditorViewport: Clicking on Actor (LMB): StaticMeshActor (Floor)
[2020.05.31-11.25.57:356][961]LogSlate: FSceneViewport::OnFocusLost() reason 0
[2020.05.31-11.25.58:547][998]LogAssetEditorManager: Opening Asset editor for WidgetBlueprint /Game/ThirdPersonBP/Blueprints/MainMenuWidget.MainMenuWidget
[2020.05.31-11.25.58:830][998]LogContentBrowser: Native class hierarchy updated for 'BlueprintGraph' in 0.0007 seconds. Added 121 classes and 0 folders.
[2020.05.31-11.26.00:067][998]LogSlate: Took 0.000286 seconds to synchronously load lazily loaded font '../../../Engine/Content/Slate/Fonts/Roboto-BoldCondensed.ttf' (158K)
[2020.05.31-11.26.13:773][849]BlueprintLog: New page: Compile MainMenuWidget
[2020.05.31-11.26.13:837][849]LogUObjectHash: Compacting FUObjectHashTables data took   4.80ms
[2020.05.31-11.26.16:422][  3]LogWorld: UWorld::CleanupWorld for World_4, bSessionEnded=true, bCleanupResources=true
[2020.05.31-11.26.16:445][  3]LogWorld: UWorld::CleanupWorld for World_3, bSessionEnded=true, bCleanupResources=true
[2020.05.31-11.26.17:953][ 64]LogUObjectHash: Compacting FUObjectHashTables data took   4.20ms
[2020.05.31-11.26.18:168][ 64]LogSavePackage: Moving '../../../../../../50. Git/UE4Proj-BookTutorial/BookPractice/Saved/LearningA6E19AA744C39AF5AB58CBAD5FF9420F.tmp' to '../../../../../../50. Git/UE4Proj-BookTutorial/BookPractice/Content/ThirdPersonBP/Maps/Learning.umap'
[2020.05.31-11.26.19:793][121]LogAssetEditorManager: Opening Asset editor for WidgetBlueprint /Game/ThirdPersonBP/Blueprints/MainMenuWidget.MainMenuWidget
[2020.05.31-11.26.22:844][276]LogSavePackage: Moving '../../../../../../50. Git/UE4Proj-BookTutorial/BookPractice/Saved/MainMenuWidgetD84BBB634F3C8CEF6B862C909AD381F3.tmp' to '../../../../../../50. Git/UE4Proj-BookTutorial/BookPractice/Content/ThirdPersonBP/Blueprints/MainMenuWidget.uasset'
[2020.05.31-11.26.23:875][337]LogWorld: UWorld::CleanupWorld for World_6, bSessionEnded=true, bCleanupResources=true
[2020.05.31-11.26.23:880][337]LogWorld: UWorld::CleanupWorld for World_5, bSessionEnded=true, bCleanupResources=true
[2020.05.31-11.26.27:286][483]LogUObjectHash: Compacting FUObjectHashTables data took   3.15ms
[2020.05.31-11.26.27:476][483]LogSavePackage: Moving '../../../../../../50. Git/UE4Proj-BookTutorial/BookPractice/Saved/Learning7A03818841412ED06E23ACA523760D0C.tmp' to '../../../../../../50. Git/UE4Proj-BookTutorial/BookPractice/Content/ThirdPersonBP/Maps/Learning.umap'
